<?xml version="1.0" encoding="UTF-8"?>
<!-- Generated by org.testng.reporters.JUnitXMLReporter -->
<testsuite ignored="0" hostname="SYAA-DT-060" failures="1" tests="1" name="Test" time="0.042" errors="0" timestamp="2025-07-07T12:56:38 IST">
  <testcase classname="com.ome.testcases.DwonlSimpleFileTest" name="simpleFiledwonlod" time="0.0">
    <failure type="org.testng.TestNGException" message="
Method public void com.ome.testcases.DwonlSimpleFileTest.simpleFiledwonlod(java.lang.String,java.lang.String) throws java.lang.InterruptedException requires a @DataProvider named : loginData">
      <![CDATA[org.testng.TestNGException: 
Method public void com.ome.testcases.DwonlSimpleFileTest.simpleFiledwonlod(java.lang.String,java.lang.String) throws java.lang.InterruptedException requires a @DataProvider named : loginData
at java.base/java.util.ArrayList.forEach(ArrayList.java:1596)
... Removed 24 stack frames]]>
    </failure>
  </testcase> <!-- simpleFiledwonlod -->
</testsuite> <!-- Test -->
