<?xml version="1.0" encoding="UTF-8"?>
<testng-results ignored="0" total="1" passed="1" failed="0" skipped="0">
  <reporter-output>
  </reporter-output>
  <suite started-at="2025-07-11T18:23:36 IST" name="Default suite" finished-at="2025-07-11T18:23:47 IST" duration-ms="11330">
    <groups>
    </groups>
    <test started-at="2025-07-11T18:23:36 IST" name="Default test" finished-at="2025-07-11T18:23:47 IST" duration-ms="11330">
      <class name="com.ome.testcases.Bulk_Uploadtest">
        <test-method is-config="true" signature="setbrowser(java.lang.String)[pri:0, instance:com.ome.testcases.Bulk_Uploadtest@5e5d171f]" started-at="2025-07-11T18:23:36 IST" name="setbrowser" finished-at="2025-07-11T18:23:37 IST" duration-ms="1781" status="PASS">
          <params>
            <param index="0">
              <value>
                <![CDATA[chrome]]>
              </value>
            </param>
          </params>
          <reporter-output>
          </reporter-output>
        </test-method> <!-- setbrowser -->
        <test-method signature="bulkupload(java.lang.String,java.lang.String)[pri:0, instance:com.ome.testcases.Bulk_Uploadtest@5e5d171f]" started-at="2025-07-11T18:23:37 IST" name="bulkupload" data-provider="bulkupload" finished-at="2025-07-11T18:23:47 IST" duration-ms="9091" status="PASS">
          <params>
            <param index="0">
              <value>
                <![CDATA[admin]]>
              </value>
            </param>
            <param index="1">
              <value>
                <![CDATA[admin]]>
              </value>
            </param>
          </params>
          <reporter-output>
          </reporter-output>
        </test-method> <!-- bulkupload -->
        <test-method is-config="true" signature="teardwon()[pri:0, instance:com.ome.testcases.Bulk_Uploadtest@5e5d171f]" started-at="2025-07-11T18:23:47 IST" name="teardwon" finished-at="2025-07-11T18:23:47 IST" duration-ms="408" status="PASS">
          <reporter-output>
          </reporter-output>
        </test-method> <!-- teardwon -->
      </class> <!-- com.ome.testcases.Bulk_Uploadtest -->
    </test> <!-- Default test -->
  </suite> <!-- Default suite -->
</testng-results>
