<?xml version="1.0" encoding="UTF-8"?>
<testng-results ignored="0" total="1" passed="1" failed="0" skipped="0">
  <reporter-output>
  </reporter-output>
  <suite started-at="2025-07-28T15:01:37 IST" name="Default suite" finished-at="2025-07-28T15:01:41 IST" duration-ms="4065">
    <groups>
    </groups>
    <test started-at="2025-07-28T15:01:37 IST" name="Default test" finished-at="2025-07-28T15:01:41 IST" duration-ms="4065">
      <class name="com.ome.testcases.DwonlSimpleFileTest">
        <test-method is-config="true" signature="setbrowser(java.lang.String)[pri:0, instance:com.ome.testcases.DwonlSimpleFileTest@2aceadd4]" started-at="2025-07-28T15:01:37 IST" name="setbrowser" finished-at="2025-07-28T15:01:39 IST" duration-ms="2097" status="PASS">
          <params>
            <param index="0">
              <value>
                <![CDATA[chrome]]>
              </value>
            </param>
          </params>
          <reporter-output>
          </reporter-output>
        </test-method> <!-- setbrowser -->
        <test-method signature="simpleFiledwonlod()[pri:0, instance:com.ome.testcases.DwonlSimpleFileTest@2aceadd4]" started-at="2025-07-28T15:01:39 IST" name="simpleFiledwonlod" finished-at="2025-07-28T15:01:40 IST" duration-ms="1744" status="PASS">
          <reporter-output>
          </reporter-output>
        </test-method> <!-- simpleFiledwonlod -->
        <test-method is-config="true" signature="teardwon()[pri:0, instance:com.ome.testcases.DwonlSimpleFileTest@2aceadd4]" started-at="2025-07-28T15:01:40 IST" name="teardwon" finished-at="2025-07-28T15:01:41 IST" duration-ms="180" status="PASS">
          <reporter-output>
          </reporter-output>
        </test-method> <!-- teardwon -->
      </class> <!-- com.ome.testcases.DwonlSimpleFileTest -->
    </test> <!-- Default test -->
  </suite> <!-- Default suite -->
</testng-results>
